<?xml version="1.0" encoding="UTF-8"?>
<!-- Generated by org.testng.reporters.JUnitXMLReporter -->
<testsuite hostname="kishor" ignored="0" name="Default test" tests="3" failures="0" timestamp="10 Jan 2020 08:33:52 GMT" time="48.386" errors="0">
  <testcase name="menupagetitleTest" time="0.02" classname="com.qa.Eprocbilling.testCases.MainMenuPageTest"/>
  <testcase name="purchaseLinkTest" time="0.381" classname="com.qa.Eprocbilling.testCases.MainMenuPageTest"/>
  <testcase name="salesLinkTest" time="0.34" classname="com.qa.Eprocbilling.testCases.MainMenuPageTest"/>
</testsuite> <!-- Default test -->
