<?xml version="1.0" encoding="UTF-8"?>
<testng-results skipped="0" failed="0" ignored="0" total="3" passed="3">
  <reporter-output>
  </reporter-output>
  <suite name="Default suite" duration-ms="48386" started-at="2020-01-10T08:33:03Z" finished-at="2020-01-10T08:33:52Z">
    <groups>
    </groups>
    <test name="Default test" duration-ms="48386" started-at="2020-01-10T08:33:03Z" finished-at="2020-01-10T08:33:52Z">
      <class name="com.qa.Eprocbilling.testCases.MainMenuPageTest">
        <test-method status="PASS" signature="setUp()[pri:0, instance:com.qa.Eprocbilling.testCases.MainMenuPageTest@204f30ec]" name="setUp" is-config="true" duration-ms="17440" started-at="2020-01-10T14:03:03Z" finished-at="2020-01-10T14:03:21Z">
          <reporter-output>
          </reporter-output>
        </test-method> <!-- setUp -->
        <test-method status="PASS" signature="menupagetitleTest()[pri:0, instance:com.qa.Eprocbilling.testCases.MainMenuPageTest@204f30ec]" name="menupagetitleTest" duration-ms="20" started-at="2020-01-10T14:03:21Z" finished-at="2020-01-10T14:03:21Z">
          <reporter-output>
          </reporter-output>
        </test-method> <!-- menupagetitleTest -->
        <test-method status="PASS" signature="tearDown()[pri:0, instance:com.qa.Eprocbilling.testCases.MainMenuPageTest@204f30ec]" name="tearDown" is-config="true" duration-ms="4" started-at="2020-01-10T14:03:21Z" finished-at="2020-01-10T14:03:21Z">
          <reporter-output>
          </reporter-output>
        </test-method> <!-- tearDown -->
        <test-method status="PASS" signature="setUp()[pri:0, instance:com.qa.Eprocbilling.testCases.MainMenuPageTest@204f30ec]" name="setUp" is-config="true" duration-ms="15021" started-at="2020-01-10T14:03:21Z" finished-at="2020-01-10T14:03:36Z">
          <reporter-output>
          </reporter-output>
        </test-method> <!-- setUp -->
        <test-method status="PASS" signature="purchaseLinkTest()[pri:0, instance:com.qa.Eprocbilling.testCases.MainMenuPageTest@204f30ec]" name="purchaseLinkTest" duration-ms="381" started-at="2020-01-10T14:03:36Z" finished-at="2020-01-10T14:03:36Z">
          <reporter-output>
          </reporter-output>
        </test-method> <!-- purchaseLinkTest -->
        <test-method status="PASS" signature="tearDown()[pri:0, instance:com.qa.Eprocbilling.testCases.MainMenuPageTest@204f30ec]" name="tearDown" is-config="true" duration-ms="0" started-at="2020-01-10T14:03:36Z" finished-at="2020-01-10T14:03:36Z">
          <reporter-output>
          </reporter-output>
        </test-method> <!-- tearDown -->
        <test-method status="PASS" signature="setUp()[pri:0, instance:com.qa.Eprocbilling.testCases.MainMenuPageTest@204f30ec]" name="setUp" is-config="true" duration-ms="15136" started-at="2020-01-10T14:03:36Z" finished-at="2020-01-10T14:03:51Z">
          <reporter-output>
          </reporter-output>
        </test-method> <!-- setUp -->
        <test-method status="PASS" signature="salesLinkTest()[pri:0, instance:com.qa.Eprocbilling.testCases.MainMenuPageTest@204f30ec]" name="salesLinkTest" duration-ms="340" started-at="2020-01-10T14:03:51Z" finished-at="2020-01-10T14:03:52Z">
          <reporter-output>
          </reporter-output>
        </test-method> <!-- salesLinkTest -->
        <test-method status="PASS" signature="tearDown()[pri:0, instance:com.qa.Eprocbilling.testCases.MainMenuPageTest@204f30ec]" name="tearDown" is-config="true" duration-ms="0" started-at="2020-01-10T14:03:52Z" finished-at="2020-01-10T14:03:52Z">
          <reporter-output>
          </reporter-output>
        </test-method> <!-- tearDown -->
      </class> <!-- com.qa.Eprocbilling.testCases.MainMenuPageTest -->
    </test> <!-- Default test -->
  </suite> <!-- Default suite -->
</testng-results>
